<?xml version="1.0" encoding="UTF-8"?>
<coverage generated="1670630987537" clover="3.2.0">
  <project timestamp="1670630987537" name="All files">
    <metrics statements="3" coveredstatements="3" conditionals="0" coveredconditionals="0" methods="0" coveredmethods="0" elements="3" coveredelements="3" complexity="0" loc="3" ncloc="3" packages="1" files="1" classes="1"/>
    <file name="now.js" path="/Users/mikayladobson/Developer/PORTFOLIO/recipe-manager/server/dist/util/now.js">
      <metrics statements="3" coveredstatements="3" conditionals="0" coveredconditionals="0" methods="0" coveredmethods="0"/>
      <line num="2" count="1" type="stmt"/>
      <line num="3" count="1" type="stmt"/>
      <line num="4" count="1" type="stmt"/>
    </file>
  </project>
</coverage>
