{"/Users/mikayladobson/Developer/PORTFOLIO/recipe-manager/server/dist/util/now.js": {"path":"/Users/mikayladobson/Developer/PORTFOLIO/recipe-manager/server/dist/util/now.js","statementMap":{"0":{"start":{"line":2,"column":0},"end":{"line":2,"column":62}},"1":{"start":{"line":3,"column":12},"end":{"line":3,"column":107}},"2":{"start":{"line":4,"column":0},"end":{"line":4,"column":22}}},"fnMap":{},"branchMap":{},"s":{"0":1,"1":1,"2":1},"f":{},"b":{},"inputSourceMap":null,"_coverageSchema":"1a1c01bbd47fc00a2c39e90264f33305004495a9","hash":"d3077020336b64e83c273307d04f9e3686d7e20c"}
}
